Using pre-set license

 COMMAND LINE ARGUMENTS:
/Applications/Unity/Hub/Editor/2020.3.8f1/Unity.app/Contents/MacOS/Unity
-adb2
-batchMode
-noUpm
-name
AssetImportWorker0
-projectPath
/Users/konoikon/Documents/CERTH/unity-challenge/Unity Coding Challenge
-logFile
Logs/AssetImportWorker0.log
-srvPort
56209
Successfully changed project path to: /Users/konoikon/Documents/CERTH/unity-challenge/Unity Coding Challenge
/Users/konoikon/Documents/CERTH/unity-challenge/Unity Coding Challenge
Using Asset Import Pipeline V2.
Refreshing native plugins compatible for Editor in 21.46 ms, found 1 plugins.
Preloading 0 native plugins for Editor in 0.00 ms.
Initialize engine version: 2020.3.8f1 (507919d4fff5)
[Subsystems] Discovering subsystems at path /Applications/Unity/Hub/Editor/2020.3.8f1/Unity.app/Contents/Resources/UnitySubsystems
[Subsystems] Discovering subsystems at path /Users/konoikon/Documents/CERTH/unity-challenge/Unity Coding Challenge/Assets
GfxDevice: creating device client; threaded=0
2021-10-21 19:13:42.502 Unity[34539:16151033] Color LCD preferred device: Intel(R) UHD Graphics 630 (low power)
2021-10-21 19:13:42.502 Unity[34539:16151033] Metal devices available: 2
2021-10-21 19:13:42.502 Unity[34539:16151033] 0: AMD Radeon Pro 5500M (high power)
2021-10-21 19:13:42.502 Unity[34539:16151033] 1: Intel(R) UHD Graphics 630 (low power)
2021-10-21 19:13:42.503 Unity[34539:16151033] Using device AMD Radeon Pro 5500M (high power)
Initializing Metal device caps: AMD Radeon Pro 5500M
Initialize mono
Mono path[0] = '/Applications/Unity/Hub/Editor/2020.3.8f1/Unity.app/Contents/Managed'
Mono path[1] = '/Applications/Unity/Hub/Editor/2020.3.8f1/Unity.app/Contents/MonoBleedingEdge/lib/mono/unityjit'
Mono config path = '/Applications/Unity/Hub/Editor/2020.3.8f1/Unity.app/Contents/MonoBleedingEdge/etc'
Using monoOptions --debugger-agent=transport=dt_socket,embedding=1,server=y,suspend=n,address=127.0.0.1:56539
Begin MonoManager ReloadAssembly
Registering precompiled unity dll's ...
Register platform support module: /Applications/Unity/Hub/Editor/2020.3.8f1/Unity.app/Contents/PlaybackEngines/MacStandaloneSupport/UnityEditor.OSXStandalone.Extensions.dll
Registered in 0.000489 seconds.
Native extension for OSXStandalone target not found
Refreshing native plugins compatible for Editor in 19.97 ms, found 1 plugins.
Preloading 0 native plugins for Editor in 0.00 ms.
Mono: successfully reloaded assembly
- Completed reload, in  2.630 seconds
Platform modules already initialized, skipping
Registering precompiled user dll's ...
Registered in 0.000289 seconds.
Begin MonoManager ReloadAssembly
Native extension for OSXStandalone target not found
Refreshing native plugins compatible for Editor in 0.17 ms, found 1 plugins.
Preloading 0 native plugins for Editor in 0.00 ms.
Mono: successfully reloaded assembly
- Completed reload, in  0.865 seconds
Platform modules already initialized, skipping
========================================================================
Worker process is ready to serve import requests
Launching external process: /Applications/Unity/Hub/Editor/2020.3.8f1/Unity.app/Contents/Tools/UnityShaderCompiler
Launched and connected shader compiler UnityShaderCompiler after 0.01 seconds
Refreshing native plugins compatible for Editor in 0.19 ms, found 1 plugins.
Preloading 0 native plugins for Editor in 0.00 ms.
Unloading 1115 Unused Serialized files (Serialized files now loaded: 0)
System memory in use before: 113.7 MB.
System memory in use after: 113.7 MB.

Unloading 10 unused Assets to reduce memory usage. Loaded Objects now: 1557.
Total: 1.788530 ms (FindLiveObjects: 0.126792 ms CreateObjectMapping: 0.033228 ms MarkObjects: 1.526827 ms  DeleteObjects: 0.100757 ms)

========================================================================
Received Import Request.
  path: Assets/Scenes
  artifactKey: Guid(315c7bdd7335a4900b90c4c49cf1a9a3) Importer(815301076,1909f56bfc062723c751e8b465ee728b)
Start importing Assets/Scenes using Guid(315c7bdd7335a4900b90c4c49cf1a9a3) Importer(815301076,1909f56bfc062723c751e8b465ee728b)  -> (artifact id: '6dceee9885941726360f479e5bdfb3b2') in 0.003032 seconds
  Import took 0.004512 seconds .

========================================================================
Received Import Request.
  Time since last request: 0.000180 seconds.
  path: Assets/Scenes/SampleScene.unity
  artifactKey: Guid(9fc0d4010bbf28b4594072e72b8655ab) Importer(815301076,1909f56bfc062723c751e8b465ee728b)
Start importing Assets/Scenes/SampleScene.unity using Guid(9fc0d4010bbf28b4594072e72b8655ab) Importer(815301076,1909f56bfc062723c751e8b465ee728b)  -> (artifact id: '85059f4f9e1a832ed95adaa0d25c5c4c') in 0.007450 seconds
  Import took 0.008925 seconds .

========================================================================
Received Import Request.
  Time since last request: 8.071777 seconds.
  path: Assets/Scenes/MainScene.unity
  artifactKey: Guid(9fc0d4010bbf28b4594072e72b8655ab) Importer(815301076,1909f56bfc062723c751e8b465ee728b)
Start importing Assets/Scenes/MainScene.unity using Guid(9fc0d4010bbf28b4594072e72b8655ab) Importer(815301076,1909f56bfc062723c751e8b465ee728b)  -> (artifact id: 'a3402c4fa176f86fe723d8826f61520e') in 0.001269 seconds
  Import took 0.002958 seconds .

========================================================================
Received Import Request.
  Time since last request: 38.334130 seconds.
  path: Assets/Materials
  artifactKey: Guid(f78c47c90d9914145b4571a2a32cf977) Importer(815301076,1909f56bfc062723c751e8b465ee728b)
Start importing Assets/Materials using Guid(f78c47c90d9914145b4571a2a32cf977) Importer(815301076,1909f56bfc062723c751e8b465ee728b)  -> (artifact id: '65aa84f3b64fb22ec186a95b91db2aad') in 0.001500 seconds
  Import took 0.003330 seconds .

========================================================================
Received Import Request.
  Time since last request: 8.804200 seconds.
  path: Assets/Materials/Ground.mat
  artifactKey: Guid(585836f78bf4f4f75bc3bdad8e389220) Importer(815301076,1909f56bfc062723c751e8b465ee728b)
Start importing Assets/Materials/Ground.mat using Guid(585836f78bf4f4f75bc3bdad8e389220) Importer(815301076,1909f56bfc062723c751e8b465ee728b)  -> (artifact id: '4f36bd2e3cfbab25cb6d5bdf7bb0ec34') in 0.421921 seconds
  Import took 0.424912 seconds .

========================================================================
Received Import Request.
  Time since last request: 95.247397 seconds.
  path: Assets/Materials/Ground.mat
  artifactKey: Guid(585836f78bf4f4f75bc3bdad8e389220) Importer(815301076,1909f56bfc062723c751e8b465ee728b)
Start importing Assets/Materials/Ground.mat using Guid(585836f78bf4f4f75bc3bdad8e389220) Importer(815301076,1909f56bfc062723c751e8b465ee728b)  -> (artifact id: '052268e7ebefcd74259a068f77920b71') in 0.023521 seconds
  Import took 0.025393 seconds .

========================================================================
Received Import Request.
  Time since last request: 103.373719 seconds.
  path: Assets/Materials/Ground.mat
  artifactKey: Guid(585836f78bf4f4f75bc3bdad8e389220) Importer(815301076,1909f56bfc062723c751e8b465ee728b)
Start importing Assets/Materials/Ground.mat using Guid(585836f78bf4f4f75bc3bdad8e389220) Importer(815301076,1909f56bfc062723c751e8b465ee728b)  -> (artifact id: 'f6e5f8c4d2e4dc32eaaa285a1af35710') in 0.012464 seconds
  Import took 0.014559 seconds .

========================================================================
Received Import Request.
  Time since last request: 181.773897 seconds.
  path: Assets/Avatars
  artifactKey: Guid(a0ffcbcf0acbd49d8941eae0c0180923) Importer(815301076,1909f56bfc062723c751e8b465ee728b)
Start importing Assets/Avatars using Guid(a0ffcbcf0acbd49d8941eae0c0180923) Importer(815301076,1909f56bfc062723c751e8b465ee728b)  -> (artifact id: '55a7b05c3367ac116af0429316ac83d7') in 0.001450 seconds
  Import took 0.003771 seconds .

========================================================================
Received Import Request.
  Time since last request: 41.278423 seconds.
  path: Assets/Animations
  artifactKey: Guid(082c4b148946f4fb5a405256c1697dc2) Importer(815301076,1909f56bfc062723c751e8b465ee728b)
Start importing Assets/Animations using Guid(082c4b148946f4fb5a405256c1697dc2) Importer(815301076,1909f56bfc062723c751e8b465ee728b)  -> (artifact id: '47233ab670056638b10d52c0b0e093e7') in 0.001423 seconds
  Import took 0.003423 seconds .

========================================================================
Received Import Request.
  Time since last request: 13.617462 seconds.
  path: Assets/Avatars/orestis-aaron.fbx
  artifactKey: Guid(e437a7a9ffbdf544d8d3c3ec1555535d) Importer(815301076,1909f56bfc062723c751e8b465ee728b)
Start importing Assets/Avatars/orestis-aaron.fbx using Guid(e437a7a9ffbdf544d8d3c3ec1555535d) Importer(815301076,1909f56bfc062723c751e8b465ee728b)  -> (artifact id: 'bbe4a673d62c9007a7104edd97773345') in 1.236145 seconds
  Import took 1.238460 seconds .

========================================================================
Received Import Request.
  Time since last request: 5.396101 seconds.
  path: Assets/Avatars/Aaron.fbx
  artifactKey: Guid(e437a7a9ffbdf544d8d3c3ec1555535d) Importer(815301076,1909f56bfc062723c751e8b465ee728b)
Start importing Assets/Avatars/Aaron.fbx using Guid(e437a7a9ffbdf544d8d3c3ec1555535d) Importer(815301076,1909f56bfc062723c751e8b465ee728b)  -> (artifact id: 'fe57ea3c8a905f51a7933f00837de712') in 0.041383 seconds
  Import took 0.043448 seconds .

========================================================================
Received Prepare
Registering precompiled user dll's ...
Registered in 0.000442 seconds.
Begin MonoManager ReloadAssembly
Native extension for OSXStandalone target not found
Refreshing native plugins compatible for Editor in 0.17 ms, found 1 plugins.
Preloading 0 native plugins for Editor in 0.00 ms.
Mono: successfully reloaded assembly
- Completed reload, in  0.756 seconds
Platform modules already initialized, skipping
Refreshing native plugins compatible for Editor in 0.12 ms, found 1 plugins.
Preloading 0 native plugins for Editor in 0.00 ms.
Unloading 1110 Unused Serialized files (Serialized files now loaded: 0)
System memory in use before: 140.2 MB.
System memory in use after: 140.3 MB.

Unloading 5 unused Assets to reduce memory usage. Loaded Objects now: 1604.
Total: 1.148609 ms (FindLiveObjects: 0.097122 ms CreateObjectMapping: 0.024117 ms MarkObjects: 0.999475 ms  DeleteObjects: 0.027302 ms)

========================================================================
Received Import Request.
  Time since last request: 104.268964 seconds.
  path: Assets/Animations/ybot@Catwalk Walk Forward.fbx
  artifactKey: Guid(59106ad449fa8394f9af5403f521fc0c) Importer(815301076,1909f56bfc062723c751e8b465ee728b)
Start importing Assets/Animations/ybot@Catwalk Walk Forward.fbx using Guid(59106ad449fa8394f9af5403f521fc0c) Importer(815301076,1909f56bfc062723c751e8b465ee728b)  -> (artifact id: '44988e04d96f6955d56a3cf69e1b02d3') in 0.128698 seconds
  Import took 0.130991 seconds .

========================================================================
Received Import Request.
  Time since last request: 1.425601 seconds.
  path: Assets/Animations/Animator.controller
  artifactKey: Guid(2cfa7a3a22739c7469580f643eec9460) Importer(815301076,1909f56bfc062723c751e8b465ee728b)
Start importing Assets/Animations/Animator.controller using Guid(2cfa7a3a22739c7469580f643eec9460) Importer(815301076,1909f56bfc062723c751e8b465ee728b)  -> (artifact id: '6ac853f07808bfc25cb6a64a0f56191f') in 0.320862 seconds
  Import took 0.323019 seconds .

========================================================================
Received Import Request.
  Time since last request: 50.175704 seconds.
  path: Assets/Animations/Catwalk.fbx
  artifactKey: Guid(59106ad449fa8394f9af5403f521fc0c) Importer(815301076,1909f56bfc062723c751e8b465ee728b)
Start importing Assets/Animations/Catwalk.fbx using Guid(59106ad449fa8394f9af5403f521fc0c) Importer(815301076,1909f56bfc062723c751e8b465ee728b)  -> (artifact id: 'd049229866732e081951fa571923de85') in 0.061274 seconds
  Import took 0.063474 seconds .

========================================================================
Received Prepare
Registering precompiled user dll's ...
Registered in 0.000356 seconds.
Begin MonoManager ReloadAssembly
Native extension for OSXStandalone target not found
Refreshing native plugins compatible for Editor in 0.18 ms, found 1 plugins.
Preloading 0 native plugins for Editor in 0.00 ms.
Mono: successfully reloaded assembly
- Completed reload, in  0.785 seconds
Platform modules already initialized, skipping
Refreshing native plugins compatible for Editor in 0.14 ms, found 1 plugins.
Preloading 0 native plugins for Editor in 0.00 ms.
Unloading 1110 Unused Serialized files (Serialized files now loaded: 0)
System memory in use before: 145.1 MB.
System memory in use after: 145.2 MB.

Unloading 5 unused Assets to reduce memory usage. Loaded Objects now: 1608.
Total: 1.385693 ms (FindLiveObjects: 0.109557 ms CreateObjectMapping: 0.026654 ms MarkObjects: 1.187454 ms  DeleteObjects: 0.061480 ms)

========================================================================
Received Prepare
Registering precompiled user dll's ...
Registered in 0.000333 seconds.
Begin MonoManager ReloadAssembly
Native extension for OSXStandalone target not found
Refreshing native plugins compatible for Editor in 0.17 ms, found 1 plugins.
Preloading 0 native plugins for Editor in 0.00 ms.
Mono: successfully reloaded assembly
- Completed reload, in  0.758 seconds
Platform modules already initialized, skipping
Refreshing native plugins compatible for Editor in 0.18 ms, found 1 plugins.
Preloading 0 native plugins for Editor in 0.00 ms.
Unloading 1110 Unused Serialized files (Serialized files now loaded: 0)
System memory in use before: 145.3 MB.
System memory in use after: 145.4 MB.

Unloading 5 unused Assets to reduce memory usage. Loaded Objects now: 1611.
Total: 1.701070 ms (FindLiveObjects: 0.267190 ms CreateObjectMapping: 0.059128 ms MarkObjects: 1.333193 ms  DeleteObjects: 0.040917 ms)

========================================================================
Received Prepare
Registering precompiled user dll's ...
Registered in 0.000305 seconds.
Begin MonoManager ReloadAssembly
Native extension for OSXStandalone target not found
Refreshing native plugins compatible for Editor in 0.17 ms, found 1 plugins.
Preloading 0 native plugins for Editor in 0.00 ms.
Mono: successfully reloaded assembly
- Completed reload, in  0.773 seconds
Platform modules already initialized, skipping
Refreshing native plugins compatible for Editor in 0.18 ms, found 1 plugins.
Preloading 0 native plugins for Editor in 0.00 ms.
Unloading 1110 Unused Serialized files (Serialized files now loaded: 0)
System memory in use before: 145.5 MB.
System memory in use after: 145.5 MB.

Unloading 5 unused Assets to reduce memory usage. Loaded Objects now: 1614.
Total: 1.515607 ms (FindLiveObjects: 0.118711 ms CreateObjectMapping: 0.029141 ms MarkObjects: 1.328807 ms  DeleteObjects: 0.038075 ms)

========================================================================
Received Prepare
Registering precompiled user dll's ...
Registered in 0.000425 seconds.
Begin MonoManager ReloadAssembly
Native extension for OSXStandalone target not found
Refreshing native plugins compatible for Editor in 0.20 ms, found 1 plugins.
Preloading 0 native plugins for Editor in 0.00 ms.
Mono: successfully reloaded assembly
- Completed reload, in  0.893 seconds
Platform modules already initialized, skipping
Refreshing native plugins compatible for Editor in 0.20 ms, found 1 plugins.
Preloading 0 native plugins for Editor in 0.00 ms.
Unloading 1110 Unused Serialized files (Serialized files now loaded: 0)
System memory in use before: 145.6 MB.
System memory in use after: 145.7 MB.

Unloading 5 unused Assets to reduce memory usage. Loaded Objects now: 1617.
Total: 1.379815 ms (FindLiveObjects: 0.117621 ms CreateObjectMapping: 0.028749 ms MarkObjects: 1.183279 ms  DeleteObjects: 0.049316 ms)

========================================================================
Received Prepare
Registering precompiled user dll's ...
Registered in 0.000330 seconds.
Begin MonoManager ReloadAssembly
Native extension for OSXStandalone target not found
Refreshing native plugins compatible for Editor in 0.25 ms, found 1 plugins.
Preloading 0 native plugins for Editor in 0.00 ms.
Mono: successfully reloaded assembly
- Completed reload, in  0.795 seconds
Platform modules already initialized, skipping
Refreshing native plugins compatible for Editor in 0.18 ms, found 1 plugins.
Preloading 0 native plugins for Editor in 0.00 ms.
Unloading 1110 Unused Serialized files (Serialized files now loaded: 0)
System memory in use before: 145.8 MB.
System memory in use after: 145.9 MB.

Unloading 5 unused Assets to reduce memory usage. Loaded Objects now: 1620.
Total: 1.984453 ms (FindLiveObjects: 0.248545 ms CreateObjectMapping: 0.070786 ms MarkObjects: 1.625590 ms  DeleteObjects: 0.038801 ms)

========================================================================
Received Import Request.
  Time since last request: 430.627816 seconds.
  path: Assets/Animations/Catwalk Animator.controller
  artifactKey: Guid(2cfa7a3a22739c7469580f643eec9460) Importer(815301076,1909f56bfc062723c751e8b465ee728b)
Start importing Assets/Animations/Catwalk Animator.controller using Guid(2cfa7a3a22739c7469580f643eec9460) Importer(815301076,1909f56bfc062723c751e8b465ee728b)  -> (artifact id: '6991d71efa1cf4a300351114668d6626') in 0.011789 seconds
  Import took 0.013460 seconds .

========================================================================
Received Import Request.
  Time since last request: 9.662763 seconds.
  path: Assets/Animations/Mixamo Catwalk.fbx
  artifactKey: Guid(59106ad449fa8394f9af5403f521fc0c) Importer(815301076,1909f56bfc062723c751e8b465ee728b)
Start importing Assets/Animations/Mixamo Catwalk.fbx using Guid(59106ad449fa8394f9af5403f521fc0c) Importer(815301076,1909f56bfc062723c751e8b465ee728b)  -> (artifact id: '75172f07752f245d9193338cbc0354e8') in 0.114637 seconds
  Import took 0.116752 seconds .

========================================================================
Received Prepare
Registering precompiled user dll's ...
Registered in 0.000398 seconds.
Begin MonoManager ReloadAssembly
Native extension for OSXStandalone target not found
Refreshing native plugins compatible for Editor in 0.17 ms, found 1 plugins.
Preloading 0 native plugins for Editor in 0.00 ms.
Mono: successfully reloaded assembly
- Completed reload, in  0.763 seconds
Platform modules already initialized, skipping
Refreshing native plugins compatible for Editor in 0.19 ms, found 1 plugins.
Preloading 0 native plugins for Editor in 0.00 ms.
Unloading 1110 Unused Serialized files (Serialized files now loaded: 0)
System memory in use before: 146.2 MB.
System memory in use after: 146.3 MB.

Unloading 5 unused Assets to reduce memory usage. Loaded Objects now: 1624.
Total: 1.584061 ms (FindLiveObjects: 0.123146 ms CreateObjectMapping: 0.030639 ms MarkObjects: 1.387772 ms  DeleteObjects: 0.041663 ms)

========================================================================
Received Import Request.
  Time since last request: 181.322662 seconds.
  path: Assets/Animations/Mixamo Walking.fbx
  artifactKey: Guid(59106ad449fa8394f9af5403f521fc0c) Importer(815301076,1909f56bfc062723c751e8b465ee728b)
Start importing Assets/Animations/Mixamo Walking.fbx using Guid(59106ad449fa8394f9af5403f521fc0c) Importer(815301076,1909f56bfc062723c751e8b465ee728b)  -> (artifact id: 'ae5edd391a5f54a041b20c6470bd90c4') in 0.133114 seconds
  Import took 0.135206 seconds .

========================================================================
Received Import Request.
  Time since last request: 5.598201 seconds.
  path: Assets/Animations/Zombie Animator.controller
  artifactKey: Guid(2cfa7a3a22739c7469580f643eec9460) Importer(815301076,1909f56bfc062723c751e8b465ee728b)
Start importing Assets/Animations/Zombie Animator.controller using Guid(2cfa7a3a22739c7469580f643eec9460) Importer(815301076,1909f56bfc062723c751e8b465ee728b)  -> (artifact id: '706ecfed167e14d26e14db0350963923') in 0.005391 seconds
  Import took 0.007588 seconds .

========================================================================
Received Import Request.
  Time since last request: 4.673482 seconds.
  path: Assets/Avatars/Zombie.fbx
  artifactKey: Guid(e437a7a9ffbdf544d8d3c3ec1555535d) Importer(815301076,1909f56bfc062723c751e8b465ee728b)
Start importing Assets/Avatars/Zombie.fbx using Guid(e437a7a9ffbdf544d8d3c3ec1555535d) Importer(815301076,1909f56bfc062723c751e8b465ee728b)  -> (artifact id: '894c65d756c78d7ed4cc4af5365662b2') in 0.040282 seconds
  Import took 0.042515 seconds .

========================================================================
Received Import Request.
  Time since last request: 766.744824 seconds.
  path: Assets/Scripts
  artifactKey: Guid(fd65d83a0789542f29d97351d9d5f81e) Importer(815301076,1909f56bfc062723c751e8b465ee728b)
Start importing Assets/Scripts using Guid(fd65d83a0789542f29d97351d9d5f81e) Importer(815301076,1909f56bfc062723c751e8b465ee728b)  -> (artifact id: 'a90b7d83b10a20cacb309be0bb27d6ec') in 0.001928 seconds
  Import took 0.004478 seconds .

========================================================================
Received Import Request.
  Time since last request: 575.272527 seconds.
  path: Assets/Animations/MixamoWalking.fbx
  artifactKey: Guid(59106ad449fa8394f9af5403f521fc0c) Importer(815301076,1909f56bfc062723c751e8b465ee728b)
Start importing Assets/Animations/MixamoWalking.fbx using Guid(59106ad449fa8394f9af5403f521fc0c) Importer(815301076,1909f56bfc062723c751e8b465ee728b)  -> (artifact id: 'dc3394da226a89e22e994b0f41836b40') in 0.047551 seconds
  Import took 0.050357 seconds .

========================================================================
Received Import Request.
  Time since last request: 5.311750 seconds.
  path: Assets/Animations/ZombieAnimator.controller
  artifactKey: Guid(2cfa7a3a22739c7469580f643eec9460) Importer(815301076,1909f56bfc062723c751e8b465ee728b)
Start importing Assets/Animations/ZombieAnimator.controller using Guid(2cfa7a3a22739c7469580f643eec9460) Importer(815301076,1909f56bfc062723c751e8b465ee728b)  -> (artifact id: 'e07fd10d735cce74b8bdd573c6f34cdc') in 0.004557 seconds
  Import took 0.007073 seconds .

========================================================================
Received Prepare
Registering precompiled user dll's ...
Registered in 0.000287 seconds.
Begin MonoManager ReloadAssembly
Native extension for OSXStandalone target not found
Refreshing native plugins compatible for Editor in 0.18 ms, found 1 plugins.
Preloading 0 native plugins for Editor in 0.00 ms.
Mono: successfully reloaded assembly
- Completed reload, in  0.815 seconds
Platform modules already initialized, skipping
Refreshing native plugins compatible for Editor in 0.15 ms, found 1 plugins.
Preloading 0 native plugins for Editor in 0.00 ms.
Unloading 1110 Unused Serialized files (Serialized files now loaded: 0)
System memory in use before: 146.9 MB.
System memory in use after: 147.0 MB.

Unloading 5 unused Assets to reduce memory usage. Loaded Objects now: 1628.
Total: 1.299535 ms (FindLiveObjects: 0.105557 ms CreateObjectMapping: 0.027134 ms MarkObjects: 1.136043 ms  DeleteObjects: 0.030182 ms)

